1654802866687	geckodriver	INFO	Listening on 127.0.0.1:58429
1654802867200	mozrunner::runner	INFO	Running command: "C:\\Program Files\\Mozilla Firefox\\firefox.exe" "--marionette" "--remote-debugging-port" "58430" "--remote-allow-hosts" "localhost" "-no-remote" "-profile" "C:\\Users\\T951881\\AppData\\Local\\Temp\\rust_mozprofileM6iDcB"
1654802868547	Marionette	INFO	Marionette enabled
console.warn: SearchSettings: "get: No settings file exists, new profile?" (new NotFoundError("Could not open the file at C:\\Users\\T951881\\AppData\\Local\\Temp\\rust_mozprofileM6iDcB\\search.json.mozlz4", (void 0)))
DevTools listening on ws://localhost:58430/devtools/browser/acd8a1e1-9fde-4c13-9abc-2e19529c7953
1654802871538	Marionette	INFO	Listening on port 58451
Read port: 58451
1654802871568	RemoteAgent	WARN	TLS certificate errors will be ignored for this session
console.warn: LoginRecipes: "getRecipes: falling back to a synchronous message for:" "https://rahulshettyacademy.com"
JavaScript error: resource://gre/modules/XULStore.jsm, line 66: Error: Can't find profile directory.
JavaScript error: resource://gre/modules/XULStore.jsm, line 66: Error: Can't find profile directory.
console.warn: LoginRecipes: "getRecipes: falling back to a synchronous message for:" "https://rahulshettyacademy.com"
1654802904804	Marionette	WARN	TimedPromise timed out after 5000 ms: stacktrace:
TimedPromise/<@chrome://remote/content/marionette/sync.js:235:19
TimedPromise@chrome://remote/content/marionette/sync.js:220:10
GeckoDriver.prototype.minimizeWindow@chrome://remote/content/marionette/driver.js:2294:11
1654802904812	Marionette	INFO	Stopped listening on port 58451
Invalid port. Exiting...
1655223403194	geckodriver	INFO	Listening on 127.0.0.1:63491
1655223403711	mozrunner::runner	INFO	Running command: "C:\\Program Files\\Mozilla Firefox\\firefox.exe" "--marionette" "--remote-debugging-port" "63492" "--remote-allow-hosts" "localhost" "-no-remote" "-profile" "C:\\Users\\T951881\\AppData\\Local\\Temp\\rust_mozprofileG0jJWc"
1655223404630	Marionette	INFO	Marionette enabled
console.warn: SearchSettings: "get: No settings file exists, new profile?" (new NotFoundError("Could not open the file at C:\\Users\\T951881\\AppData\\Local\\Temp\\rust_mozprofileG0jJWc\\search.json.mozlz4", (void 0)))
DevTools listening on ws://localhost:63492/devtools/browser/6e3cae44-5dcf-4a53-b93b-7a49479b5b0a
1655223407885	Marionette	INFO	Listening on port 63519
Read port: 63519
1655223407939	RemoteAgent	WARN	TLS certificate errors will be ignored for this session
console.warn: LoginRecipes: "getRecipes: falling back to a synchronous message for:" "https://rahulshettyacademy.com"
JavaScript error: resource://gre/modules/XULStore.jsm, line 66: Error: Can't find profile directory.
JavaScript error: resource://gre/modules/XULStore.jsm, line 66: Error: Can't find profile directory.
console.warn: LoginRecipes: "getRecipes: falling back to a synchronous message for:" "https://rahulshettyacademy.com"
1655223450804	Marionette	INFO	Stopped listening on port 63519
1655227456171	geckodriver	INFO	Listening on 127.0.0.1:56784
1655227456681	mozrunner::runner	INFO	Running command: "C:\\Program Files\\Mozilla Firefox\\firefox.exe" "--marionette" "--start-maximized" "True" "--disable-extensions" "--ignore-certificate-errors" "--ignore-ssl-errors" "--ignore-certificate-errors-spki-list" "--remote-debugging-port" "56785" "--remote-allow-hosts" "localhost" "-no-remote" "-profile" "C:\\Users\\T951881\\AppData\\Local\\Temp\\rust_mozprofiley3cat4"
1655227457643	Marionette	INFO	Marionette enabled
console.warn: SearchSettings: "get: No settings file exists, new profile?" (new NotFoundError("Could not open the file at C:\\Users\\T951881\\AppData\\Local\\Temp\\rust_mozprofiley3cat4\\search.json.mozlz4", (void 0)))
DevTools listening on ws://localhost:56785/devtools/browser/bd670422-15cd-4907-853b-4a76feb89b9d
1655227461350	Marionette	INFO	Listening on port 56809
Read port: 56809
1655227461479	RemoteAgent	WARN	TLS certificate errors will be ignored for this session
console.warn: LoginRecipes: "getRecipes: falling back to a synchronous message for:" "https://rahulshettyacademy.com"
console.warn: LoginRecipes: "getRecipes: falling back to a synchronous message for:" "https://rahulshettyacademy.com"
JavaScript error: resource://gre/modules/LoginManagerParent.jsm, line 136: TypeError: gRecipeManager is null
console.warn: LoginRecipes: "getRecipes: falling back to a synchronous message for:" "https://rahulshettyacademy.com"
JavaScript error: resource://gre/modules/LoginManagerParent.jsm, line 136: TypeError: gRecipeManager is null
1655227474926	Marionette	INFO	Stopped listening on port 56809
[Parent 20632, IPC I/O Parent] WARNING: file /builds/worker/checkouts/gecko/ipc/chromium/src/base/process_util_win.cc:167
[Parent 20632, IPC I/O Parent] WARNING: file /builds/worker/checkouts/gecko/ipc/chromium/src/base/process_util_win.cc:167
[Parent 20632, IPC I/O Parent] WARNING: file /builds/worker/checkouts/gecko/ipc/chromium/src/base/process_util_win.cc:167
1655227476075	geckodriver	INFO	Listening on 127.0.0.1:56844
1655227476563	mozrunner::runner	INFO	Running command: "C:\\Program Files\\Mozilla Firefox\\firefox.exe" "--marionette" "--start-maximized" "True" "--disable-extensions" "--ignore-certificate-errors" "--ignore-ssl-errors" "--ignore-certificate-errors-spki-list" "--remote-debugging-port" "56845" "--remote-allow-hosts" "localhost" "-no-remote" "-profile" "C:\\Users\\T951881\\AppData\\Local\\Temp\\rust_mozprofilexZRk9B"
1655227477336	Marionette	INFO	Marionette enabled
console.warn: SearchSettings: "get: No settings file exists, new profile?" (new NotFoundError("Could not open the file at C:\\Users\\T951881\\AppData\\Local\\Temp\\rust_mozprofilexZRk9B\\search.json.mozlz4", (void 0)))
DevTools listening on ws://localhost:56845/devtools/browser/522816cd-03d8-40e8-a7f2-206fcef3e21c
1655227480489	Marionette	INFO	Listening on port 56870
Read port: 56870
1655227480609	RemoteAgent	WARN	TLS certificate errors will be ignored for this session
console.warn: LoginRecipes: "getRecipes: falling back to a synchronous message for:" "https://rahulshettyacademy.com"
JavaScript error: resource://gre/modules/XULStore.jsm, line 66: Error: Can't find profile directory.
JavaScript error: resource://gre/modules/XULStore.jsm, line 66: Error: Can't find profile directory.
console.warn: LoginRecipes: "getRecipes: falling back to a synchronous message for:" "https://rahulshettyacademy.com"
1655227492194	Marionette	INFO	Stopped listening on port 56870
[Parent 20516, IPC I/O Parent] WARNING: file /builds/worker/checkouts/gecko/ipc/chromium/src/base/process_util_win.cc:167
1655235251288	geckodriver	INFO	Listening on 127.0.0.1:55564
1655235251803	mozrunner::runner	INFO	Running command: "C:\\Program Files\\Mozilla Firefox\\firefox.exe" "--marionette" "--start-maximized" "--disable-extensions" "--ignore-certificate-errors" "--ignore-ssl-errors" "--ignore-certificate-errors-spki-list" "--remote-debugging-port" "55565" "--remote-allow-hosts" "localhost" "-no-remote" "-profile" "C:\\Users\\T951881\\AppData\\Local\\Temp\\rust_mozprofileLiCdb5"
1655235253057	Marionette	INFO	Marionette enabled
console.warn: SearchSettings: "get: No settings file exists, new profile?" (new NotFoundError("Could not open the file at C:\\Users\\T951881\\AppData\\Local\\Temp\\rust_mozprofileLiCdb5\\search.json.mozlz4", (void 0)))
DevTools listening on ws://localhost:55565/devtools/browser/f2abbd82-0e3e-42c8-a0f3-c006e27877f6
1655235256444	Marionette	INFO	Listening on port 55588
Read port: 55588
1655235256494	RemoteAgent	WARN	TLS certificate errors will be ignored for this session
console.warn: LoginRecipes: "getRecipes: falling back to a synchronous message for:" "https://rahulshettyacademy.com"
console.warn: LoginRecipes: "getRecipes: falling back to a synchronous message for:" "https://rahulshettyacademy.com"
JavaScript error: resource://gre/modules/LoginManagerParent.jsm, line 136: TypeError: gRecipeManager is null
console.warn: LoginRecipes: "getRecipes: falling back to a synchronous message for:" "https://rahulshettyacademy.com"
JavaScript error: resource://gre/modules/LoginManagerParent.jsm, line 136: TypeError: gRecipeManager is null
1655235281224	Marionette	INFO	Stopped listening on port 55588
[Parent 18308, IPC I/O Parent] WARNING: file /builds/worker/checkouts/gecko/ipc/chromium/src/base/process_util_win.cc:167
[Parent 18308, IPC I/O Parent] WARNING: file /builds/worker/checkouts/gecko/ipc/chromium/src/base/process_util_win.cc:167

###!!! [Parent][PGPUParent] Error: RunMessage(msgname=PGPU::Msg_ShutdownVR) Channel closing: too late to send/recv, messages will be lost

1655235282287	geckodriver	INFO	Listening on 127.0.0.1:55638
1655235282778	mozrunner::runner	INFO	Running command: "C:\\Program Files\\Mozilla Firefox\\firefox.exe" "--marionette" "--start-maximized" "--disable-extensions" "--ignore-certificate-errors" "--ignore-ssl-errors" "--ignore-certificate-errors-spki-list" "--remote-debugging-port" "55639" "--remote-allow-hosts" "localhost" "-no-remote" "-profile" "C:\\Users\\T951881\\AppData\\Local\\Temp\\rust_mozprofileWr60fe"
1655235283621	Marionette	INFO	Marionette enabled
console.warn: SearchSettings: "get: No settings file exists, new profile?" (new NotFoundError("Could not open the file at C:\\Users\\T951881\\AppData\\Local\\Temp\\rust_mozprofileWr60fe\\search.json.mozlz4", (void 0)))
DevTools listening on ws://localhost:55639/devtools/browser/96426d28-3161-4dbb-9369-dc4dfab5a2d7
1655235286751	Marionette	INFO	Listening on port 55663
Read port: 55663
1655235286812	RemoteAgent	WARN	TLS certificate errors will be ignored for this session
console.warn: LoginRecipes: "getRecipes: falling back to a synchronous message for:" "https://rahulshettyacademy.com"
JavaScript error: resource://gre/modules/XULStore.jsm, line 66: Error: Can't find profile directory.
JavaScript error: resource://gre/modules/XULStore.jsm, line 66: Error: Can't find profile directory.
console.warn: LoginRecipes: "getRecipes: falling back to a synchronous message for:" "https://rahulshettyacademy.com"
1655235310915	Marionette	INFO	Stopped listening on port 55663
[Parent 19692, IPC I/O Parent] WARNING: file /builds/worker/checkouts/gecko/ipc/chromium/src/base/process_util_win.cc:167
[Parent 19692, IPC I/O Parent] WARNING: file /builds/worker/checkouts/gecko/ipc/chromium/src/base/process_util_win.cc:167

###!!! [Parent][PGPUParent] Error: RunMessage(msgname=PGPU::Msg_ShutdownVR) Channel closing: too late to send/recv, messages will be lost

[Parent 19692, IPC I/O Parent] WARNING: file /builds/worker/checkouts/gecko/ipc/chromium/src/base/process_util_win.cc:167
